<?xml version="1.0" encoding="UTF-8"?>
<!-- Generated by org.testng.reporters.JUnitReportReporter -->
<testsuite hostname="LAPTOP-3TJS1536" failures="0" tests="1" name="TestCases.LoginTest" time="7.856" errors="0" timestamp="2025-02-10T15:13:00 IST" skipped="0">
  <testcase classname="TestCases.LoginTest" name="testLogin" time="7.856"/>
  <system-out/>
</testsuite> <!-- TestCases.LoginTest -->
